2017-03-26 19:33:17 Warning: DebugKit not enabled. You need to either install pdo_sqlite, or define the "debug_kit" connection name.
2017-03-26 19:38:17 Warning: DebugKit not enabled. You need to either install pdo_sqlite, or define the "debug_kit" connection name.
2017-03-26 19:38:25 Warning: DebugKit not enabled. You need to either install pdo_sqlite, or define the "debug_kit" connection name.
2017-03-26 19:38:26 Error: [Cake\View\Exception\MissingTemplateException] Template file "Produtos/index.ctp" is missing.
Exception Attributes: array (
  'file' => 'Produtos/index.ctp',
)
Request URL: /produtos
Stack Trace:
#0 /home/alex/mercado/vendor/cakephp/cakephp/src/View/View.php(592): Cake\View\View->_getViewFileName(NULL)
#1 /home/alex/mercado/vendor/cakephp/cakephp/src/Controller/Controller.php(623): Cake\View\View->render(NULL, NULL)
#2 /home/alex/mercado/vendor/cakephp/cakephp/src/Http/ActionDispatcher.php(125): Cake\Controller\Controller->render()
#3 /home/alex/mercado/vendor/cakephp/cakephp/src/Http/ActionDispatcher.php(93): Cake\Http\ActionDispatcher->_invoke(Object(App\Controller\ProdutosController))
#4 /home/alex/mercado/vendor/cakephp/cakephp/src/Http/BaseApplication.php(78): Cake\Http\ActionDispatcher->dispatch(Object(Cake\Http\ServerRequest), Object(Cake\Http\Response))
#5 /home/alex/mercado/vendor/cakephp/cakephp/src/Http/Runner.php(65): Cake\Http\BaseApplication->__invoke(Object(Cake\Http\ServerRequest), Object(Cake\Http\Response), Object(Cake\Http\Runner))
#6 /home/alex/mercado/vendor/cakephp/cakephp/src/Routing/Middleware/RoutingMiddleware.php(59): Cake\Http\Runner->__invoke(Object(Cake\Http\ServerRequest), Object(Cake\Http\Response))
#7 /home/alex/mercado/vendor/cakephp/cakephp/src/Http/Runner.php(65): Cake\Routing\Middleware\RoutingMiddleware->__invoke(Object(Cake\Http\ServerRequest), Object(Cake\Http\Response), Object(Cake\Http\Runner))
#8 /home/alex/mercado/vendor/cakephp/cakephp/src/Routing/Middleware/AssetMiddleware.php(88): Cake\Http\Runner->__invoke(Object(Cake\Http\ServerRequest), Object(Cake\Http\Response))
#9 /home/alex/mercado/vendor/cakephp/cakephp/src/Http/Runner.php(65): Cake\Routing\Middleware\AssetMiddleware->__invoke(Object(Cake\Http\ServerRequest), Object(Cake\Http\Response), Object(Cake\Http\Runner))
#10 /home/alex/mercado/vendor/cakephp/cakephp/src/Error/Middleware/ErrorHandlerMiddleware.php(92): Cake\Http\Runner->__invoke(Object(Cake\Http\ServerRequest), Object(Cake\Http\Response))
#11 /home/alex/mercado/vendor/cakephp/cakephp/src/Http/Runner.php(65): Cake\Error\Middleware\ErrorHandlerMiddleware->__invoke(Object(Cake\Http\ServerRequest), Object(Cake\Http\Response), Object(Cake\Http\Runner))
#12 /home/alex/mercado/vendor/cakephp/cakephp/src/Http/Runner.php(51): Cake\Http\Runner->__invoke(Object(Cake\Http\ServerRequest), Object(Cake\Http\Response))
#13 /home/alex/mercado/vendor/cakephp/cakephp/src/Http/Server.php(80): Cake\Http\Runner->run(Object(Cake\Http\MiddlewareQueue), Object(Cake\Http\ServerRequest), Object(Cake\Http\Response))
#14 /home/alex/mercado/webroot/index.php(37): Cake\Http\Server->run()
#15 {main}


2017-03-26 19:41:42 Warning: DebugKit not enabled. You need to either install pdo_sqlite, or define the "debug_kit" connection name.
2017-03-26 20:06:00 Warning: DebugKit not enabled. You need to either install pdo_sqlite, or define the "debug_kit" connection name.
2017-03-26 20:06:01 Error: Fatal Error (4): syntax error, unexpected '->' (T_OBJECT_OPERATOR) in [/home/alex/mercado/src/Controller/ProdutosController.php, line 14]
Request URL: /produtos
Client IP: 127.0.0.1
Trace:
Cake\Error\BaseErrorHandler::handleFatalError() - CORE/src/Error/BaseErrorHandler.php, line 223
Cake\Error\BaseErrorHandler::Cake\Error\{closure}() - CORE/src/Error/BaseErrorHandler.php, line 105
[main] - [internal], line ??



2017-03-26 20:06:01 Error: [Cake\Error\FatalErrorException] syntax error, unexpected '->' (T_OBJECT_OPERATOR) in /home/alex/mercado/src/Controller/ProdutosController.php on line 14
Request URL: /produtos
Client IP: 127.0.0.1
Stack Trace:
#0 /home/alex/mercado/vendor/cakephp/cakephp/src/Error/BaseErrorHandler.php(105): Cake\Error\BaseErrorHandler->handleFatalError(4, 'syntax error, u...', '/home/alex/merc...', 14)
#1 [internal function]: Cake\Error\BaseErrorHandler->Cake\Error\{closure}()
#2 {main}


2017-03-26 20:06:33 Warning: DebugKit not enabled. You need to either install pdo_sqlite, or define the "debug_kit" connection name.
2017-03-26 20:07:21 Warning: DebugKit not enabled. You need to either install pdo_sqlite, or define the "debug_kit" connection name.
2017-03-26 20:49:01 Warning: DebugKit not enabled. You need to either install pdo_sqlite, or define the "debug_kit" connection name.
2017-03-26 20:49:02 Error: Fatal Error (4): syntax error, unexpected 'Array' (T_ARRAY) in [/home/alex/mercado/src/Controller/ProdutosController.php, line 13]
Request URL: /produtos
Client IP: 127.0.0.1
Trace:
Cake\Error\BaseErrorHandler::handleFatalError() - CORE/src/Error/BaseErrorHandler.php, line 223
Cake\Error\BaseErrorHandler::Cake\Error\{closure}() - CORE/src/Error/BaseErrorHandler.php, line 105
[main] - [internal], line ??



2017-03-26 20:49:03 Error: [Cake\Error\FatalErrorException] syntax error, unexpected 'Array' (T_ARRAY) in /home/alex/mercado/src/Controller/ProdutosController.php on line 13
Request URL: /produtos
Client IP: 127.0.0.1
Stack Trace:
#0 /home/alex/mercado/vendor/cakephp/cakephp/src/Error/BaseErrorHandler.php(105): Cake\Error\BaseErrorHandler->handleFatalError(4, 'syntax error, u...', '/home/alex/merc...', 13)
#1 [internal function]: Cake\Error\BaseErrorHandler->Cake\Error\{closure}()
#2 {main}


2017-03-26 20:50:39 Warning: DebugKit not enabled. You need to either install pdo_sqlite, or define the "debug_kit" connection name.
2017-03-26 20:51:14 Warning: DebugKit not enabled. You need to either install pdo_sqlite, or define the "debug_kit" connection name.
2017-03-26 20:52:00 Warning: DebugKit not enabled. You need to either install pdo_sqlite, or define the "debug_kit" connection name.
2017-03-26 20:53:39 Warning: DebugKit not enabled. You need to either install pdo_sqlite, or define the "debug_kit" connection name.
2017-03-26 20:53:39 Error: Fatal Error (4): syntax error, unexpected ',' in [/home/alex/mercado/src/Controller/ProdutosController.php, line 13]
Request URL: /produtos
Client IP: 127.0.0.1
Trace:
Cake\Error\BaseErrorHandler::handleFatalError() - CORE/src/Error/BaseErrorHandler.php, line 223
Cake\Error\BaseErrorHandler::Cake\Error\{closure}() - CORE/src/Error/BaseErrorHandler.php, line 105
[main] - [internal], line ??



2017-03-26 20:53:39 Error: [Cake\Error\FatalErrorException] syntax error, unexpected ',' in /home/alex/mercado/src/Controller/ProdutosController.php on line 13
Request URL: /produtos
Client IP: 127.0.0.1
Stack Trace:
#0 /home/alex/mercado/vendor/cakephp/cakephp/src/Error/BaseErrorHandler.php(105): Cake\Error\BaseErrorHandler->handleFatalError(4, 'syntax error, u...', '/home/alex/merc...', 13)
#1 [internal function]: Cake\Error\BaseErrorHandler->Cake\Error\{closure}()
#2 {main}


2017-03-26 20:56:14 Warning: DebugKit not enabled. You need to either install pdo_sqlite, or define the "debug_kit" connection name.
2017-03-26 21:10:56 Warning: DebugKit not enabled. You need to either install pdo_sqlite, or define the "debug_kit" connection name.
2017-03-26 21:32:28 Warning: DebugKit not enabled. You need to either install pdo_sqlite, or define the "debug_kit" connection name.
2017-03-26 21:43:20 Warning: DebugKit not enabled. You need to either install pdo_sqlite, or define the "debug_kit" connection name.
2017-03-26 21:44:35 Warning: DebugKit not enabled. You need to either install pdo_sqlite, or define the "debug_kit" connection name.
2017-03-26 21:52:05 Warning: DebugKit not enabled. You need to either install pdo_sqlite, or define the "debug_kit" connection name.
2017-03-26 21:52:10 Warning: DebugKit not enabled. You need to either install pdo_sqlite, or define the "debug_kit" connection name.
2017-03-26 21:57:19 Warning: DebugKit not enabled. You need to either install pdo_sqlite, or define the "debug_kit" connection name.
2017-03-26 21:57:19 Warning: Warning (2): Invalid argument supplied for foreach() in [/home/alex/mercado/src/Template/Produtos/index.ctp, line 11]
Request URL: /produtos
Client IP: 127.0.0.1
Trace:
Cake\Error\BaseErrorHandler::handleError() - CORE/src/Error/BaseErrorHandler.php, line 153
include - APP/Template/Produtos/index.ctp, line 11
Cake\View\View::_evaluate() - CORE/src/View/View.php, line 1011
Cake\View\View::_render() - CORE/src/View/View.php, line 972
Cake\View\View::render() - CORE/src/View/View.php, line 596
Cake\Controller\Controller::render() - CORE/src/Controller/Controller.php, line 623
Cake\Http\ActionDispatcher::_invoke() - CORE/src/Http/ActionDispatcher.php, line 125
Cake\Http\ActionDispatcher::dispatch() - CORE/src/Http/ActionDispatcher.php, line 93
Cake\Http\BaseApplication::__invoke() - CORE/src/Http/BaseApplication.php, line 78
Cake\Http\Runner::__invoke() - CORE/src/Http/Runner.php, line 65
Cake\Routing\Middleware\RoutingMiddleware::__invoke() - CORE/src/Routing/Middleware/RoutingMiddleware.php, line 59
Cake\Http\Runner::__invoke() - CORE/src/Http/Runner.php, line 65
Cake\Routing\Middleware\AssetMiddleware::__invoke() - CORE/src/Routing/Middleware/AssetMiddleware.php, line 88
Cake\Http\Runner::__invoke() - CORE/src/Http/Runner.php, line 65
Cake\Error\Middleware\ErrorHandlerMiddleware::__invoke() - CORE/src/Error/Middleware/ErrorHandlerMiddleware.php, line 92
Cake\Http\Runner::__invoke() - CORE/src/Http/Runner.php, line 65
Cake\Http\Runner::run() - CORE/src/Http/Runner.php, line 51
Cake\Http\Server::run() - CORE/src/Http/Server.php, line 80
[main] - ROOT/webroot/index.php, line 37



2017-03-26 21:59:02 Warning: DebugKit not enabled. You need to either install pdo_sqlite, or define the "debug_kit" connection name.
2017-03-26 21:59:02 Warning: Warning (2): Invalid argument supplied for foreach() in [/home/alex/mercado/src/Template/Produtos/index.ctp, line 11]
Request URL: /produtos
Client IP: 127.0.0.1
Trace:
Cake\Error\BaseErrorHandler::handleError() - CORE/src/Error/BaseErrorHandler.php, line 153
include - APP/Template/Produtos/index.ctp, line 11
Cake\View\View::_evaluate() - CORE/src/View/View.php, line 1011
Cake\View\View::_render() - CORE/src/View/View.php, line 972
Cake\View\View::render() - CORE/src/View/View.php, line 596
Cake\Controller\Controller::render() - CORE/src/Controller/Controller.php, line 623
Cake\Http\ActionDispatcher::_invoke() - CORE/src/Http/ActionDispatcher.php, line 125
Cake\Http\ActionDispatcher::dispatch() - CORE/src/Http/ActionDispatcher.php, line 93
Cake\Http\BaseApplication::__invoke() - CORE/src/Http/BaseApplication.php, line 78
Cake\Http\Runner::__invoke() - CORE/src/Http/Runner.php, line 65
Cake\Routing\Middleware\RoutingMiddleware::__invoke() - CORE/src/Routing/Middleware/RoutingMiddleware.php, line 59
Cake\Http\Runner::__invoke() - CORE/src/Http/Runner.php, line 65
Cake\Routing\Middleware\AssetMiddleware::__invoke() - CORE/src/Routing/Middleware/AssetMiddleware.php, line 88
Cake\Http\Runner::__invoke() - CORE/src/Http/Runner.php, line 65
Cake\Error\Middleware\ErrorHandlerMiddleware::__invoke() - CORE/src/Error/Middleware/ErrorHandlerMiddleware.php, line 92
Cake\Http\Runner::__invoke() - CORE/src/Http/Runner.php, line 65
Cake\Http\Runner::run() - CORE/src/Http/Runner.php, line 51
Cake\Http\Server::run() - CORE/src/Http/Server.php, line 80
[main] - ROOT/webroot/index.php, line 37



2017-03-26 21:59:33 Warning: DebugKit not enabled. You need to either install pdo_sqlite, or define the "debug_kit" connection name.
2017-03-26 22:01:30 Warning: DebugKit not enabled. You need to either install pdo_sqlite, or define the "debug_kit" connection name.
2017-03-26 22:02:37 Warning: DebugKit not enabled. You need to either install pdo_sqlite, or define the "debug_kit" connection name.
2017-03-28 23:22:41 Warning: DebugKit not enabled. You need to either install pdo_sqlite, or define the "debug_kit" connection name.
2017-03-28 23:22:53 Warning: DebugKit not enabled. You need to either install pdo_sqlite, or define the "debug_kit" connection name.
2017-03-28 23:39:38 Warning: DebugKit not enabled. You need to either install pdo_sqlite, or define the "debug_kit" connection name.
2017-03-28 23:39:39 Error: Fatal Error (1): Class 'App\Model\Table\Table' not found in [/home/alex/mercado/src/Model/Table/ProdutosTable.php, line 12]
Request URL: /produtos
Client IP: 127.0.0.1
Trace:
Cake\Error\BaseErrorHandler::handleFatalError() - CORE/src/Error/BaseErrorHandler.php, line 223
Cake\Error\BaseErrorHandler::Cake\Error\{closure}() - CORE/src/Error/BaseErrorHandler.php, line 105
[main] - [internal], line ??



2017-03-28 23:39:39 Error: [Cake\Error\FatalErrorException] Class 'App\Model\Table\Table' not found in /home/alex/mercado/src/Model/Table/ProdutosTable.php on line 12
Request URL: /produtos
Client IP: 127.0.0.1
Stack Trace:
#0 /home/alex/mercado/vendor/cakephp/cakephp/src/Error/BaseErrorHandler.php(105): Cake\Error\BaseErrorHandler->handleFatalError(1, 'Class 'App\\Mode...', '/home/alex/merc...', 12)
#1 [internal function]: Cake\Error\BaseErrorHandler->Cake\Error\{closure}()
#2 {main}


2017-03-28 23:40:21 Warning: DebugKit not enabled. You need to either install pdo_sqlite, or define the "debug_kit" connection name.
2017-03-28 23:40:21 Error: Fatal Error (1): Class 'App\Model\Table' not found in [/home/alex/mercado/src/Model/Table/ProdutosTable.php, line 12]
Request URL: /produtos
Client IP: 127.0.0.1
Trace:
Cake\Error\BaseErrorHandler::handleFatalError() - CORE/src/Error/BaseErrorHandler.php, line 223
Cake\Error\BaseErrorHandler::Cake\Error\{closure}() - CORE/src/Error/BaseErrorHandler.php, line 105
[main] - [internal], line ??



2017-03-28 23:40:21 Error: [Cake\Error\FatalErrorException] Class 'App\Model\Table' not found in /home/alex/mercado/src/Model/Table/ProdutosTable.php on line 12
Request URL: /produtos
Client IP: 127.0.0.1
Stack Trace:
#0 /home/alex/mercado/vendor/cakephp/cakephp/src/Error/BaseErrorHandler.php(105): Cake\Error\BaseErrorHandler->handleFatalError(1, 'Class 'App\\Mode...', '/home/alex/merc...', 12)
#1 [internal function]: Cake\Error\BaseErrorHandler->Cake\Error\{closure}()
#2 {main}


2017-03-28 23:41:52 Warning: DebugKit not enabled. You need to either install pdo_sqlite, or define the "debug_kit" connection name.
2017-03-28 23:41:53 Error: Fatal Error (1): Class 'App\Model\Table' not found in [/home/alex/mercado/src/Model/Table/ProdutosTable.php, line 12]
Request URL: /produtos
Client IP: 127.0.0.1
Trace:
Cake\Error\BaseErrorHandler::handleFatalError() - CORE/src/Error/BaseErrorHandler.php, line 223
Cake\Error\BaseErrorHandler::Cake\Error\{closure}() - CORE/src/Error/BaseErrorHandler.php, line 105
[main] - [internal], line ??



2017-03-28 23:41:53 Error: [Cake\Error\FatalErrorException] Class 'App\Model\Table' not found in /home/alex/mercado/src/Model/Table/ProdutosTable.php on line 12
Request URL: /produtos
Client IP: 127.0.0.1
Stack Trace:
#0 /home/alex/mercado/vendor/cakephp/cakephp/src/Error/BaseErrorHandler.php(105): Cake\Error\BaseErrorHandler->handleFatalError(1, 'Class 'App\\Mode...', '/home/alex/merc...', 12)
#1 [internal function]: Cake\Error\BaseErrorHandler->Cake\Error\{closure}()
#2 {main}


2017-03-28 23:42:10 Warning: DebugKit not enabled. You need to either install pdo_sqlite, or define the "debug_kit" connection name.
2017-03-28 23:42:12 Error: [Cake\Database\Exception\MissingExtensionException] Database driver Cake\Database\Driver\Mysql cannot be used due to a missing PHP extension or unmet dependency
Exception Attributes: array (
  'driver' => 'Cake\\Database\\Driver\\Mysql',
)
Request URL: /produtos
Stack Trace:
#0 /home/alex/mercado/vendor/cakephp/cakephp/src/Database/Connection.php(116): Cake\Database\Connection->setDriver('Cake\\Database\\D...', Array)
#1 /home/alex/mercado/vendor/cakephp/cakephp/src/Datasource/ConnectionRegistry.php(89): Cake\Database\Connection->__construct(Array)
#2 /home/alex/mercado/vendor/cakephp/cakephp/src/Core/ObjectRegistry.php(93): Cake\Datasource\ConnectionRegistry->_create('Cake\\Database\\C...', 'default', Array)
#3 /home/alex/mercado/vendor/cakephp/cakephp/src/Datasource/ConnectionManager.php(205): Cake\Core\ObjectRegistry->load('default', Array)
#4 /home/alex/mercado/vendor/cakephp/cakephp/src/ORM/Locator/TableLocator.php(212): Cake\Datasource\ConnectionManager::get('default')
#5 /home/alex/mercado/vendor/cakephp/cakephp/src/ORM/TableRegistry.php(110): Cake\ORM\Locator\TableLocator->get('Produtos', Array)
#6 /home/alex/mercado/src/Controller/ProdutosController.php(15): Cake\ORM\TableRegistry::get('Produtos')
#7 /home/alex/mercado/vendor/cakephp/cakephp/src/Controller/Controller.php(440): App\Controller\ProdutosController->index()
#8 /home/alex/mercado/vendor/cakephp/cakephp/src/Http/ActionDispatcher.php(119): Cake\Controller\Controller->invokeAction()
#9 /home/alex/mercado/vendor/cakephp/cakephp/src/Http/ActionDispatcher.php(93): Cake\Http\ActionDispatcher->_invoke(Object(App\Controller\ProdutosController))
#10 /home/alex/mercado/vendor/cakephp/cakephp/src/Http/BaseApplication.php(78): Cake\Http\ActionDispatcher->dispatch(Object(Cake\Http\ServerRequest), Object(Cake\Http\Response))
#11 /home/alex/mercado/vendor/cakephp/cakephp/src/Http/Runner.php(65): Cake\Http\BaseApplication->__invoke(Object(Cake\Http\ServerRequest), Object(Cake\Http\Response), Object(Cake\Http\Runner))
#12 /home/alex/mercado/vendor/cakephp/cakephp/src/Routing/Middleware/RoutingMiddleware.php(59): Cake\Http\Runner->__invoke(Object(Cake\Http\ServerRequest), Object(Cake\Http\Response))
#13 /home/alex/mercado/vendor/cakephp/cakephp/src/Http/Runner.php(65): Cake\Routing\Middleware\RoutingMiddleware->__invoke(Object(Cake\Http\ServerRequest), Object(Cake\Http\Response), Object(Cake\Http\Runner))
#14 /home/alex/mercado/vendor/cakephp/cakephp/src/Routing/Middleware/AssetMiddleware.php(88): Cake\Http\Runner->__invoke(Object(Cake\Http\ServerRequest), Object(Cake\Http\Response))
#15 /home/alex/mercado/vendor/cakephp/cakephp/src/Http/Runner.php(65): Cake\Routing\Middleware\AssetMiddleware->__invoke(Object(Cake\Http\ServerRequest), Object(Cake\Http\Response), Object(Cake\Http\Runner))
#16 /home/alex/mercado/vendor/cakephp/cakephp/src/Error/Middleware/ErrorHandlerMiddleware.php(92): Cake\Http\Runner->__invoke(Object(Cake\Http\ServerRequest), Object(Cake\Http\Response))
#17 /home/alex/mercado/vendor/cakephp/cakephp/src/Http/Runner.php(65): Cake\Error\Middleware\ErrorHandlerMiddleware->__invoke(Object(Cake\Http\ServerRequest), Object(Cake\Http\Response), Object(Cake\Http\Runner))
#18 /home/alex/mercado/vendor/cakephp/cakephp/src/Http/Runner.php(51): Cake\Http\Runner->__invoke(Object(Cake\Http\ServerRequest), Object(Cake\Http\Response))
#19 /home/alex/mercado/vendor/cakephp/cakephp/src/Http/Server.php(80): Cake\Http\Runner->run(Object(Cake\Http\MiddlewareQueue), Object(Cake\Http\ServerRequest), Object(Cake\Http\Response))
#20 /home/alex/mercado/webroot/index.php(37): Cake\Http\Server->run()
#21 {main}


2017-03-28 23:45:29 Warning: DebugKit not enabled. You need to either install pdo_sqlite, or define the "debug_kit" connection name.
2017-03-28 23:45:29 Error: [Cake\Database\Exception\MissingExtensionException] Database driver Cake\Database\Driver\Mysql cannot be used due to a missing PHP extension or unmet dependency
Exception Attributes: array (
  'driver' => 'Cake\\Database\\Driver\\Mysql',
)
Request URL: /produtos
Stack Trace:
#0 /home/alex/mercado/vendor/cakephp/cakephp/src/Database/Connection.php(116): Cake\Database\Connection->setDriver('Cake\\Database\\D...', Array)
#1 /home/alex/mercado/vendor/cakephp/cakephp/src/Datasource/ConnectionRegistry.php(89): Cake\Database\Connection->__construct(Array)
#2 /home/alex/mercado/vendor/cakephp/cakephp/src/Core/ObjectRegistry.php(93): Cake\Datasource\ConnectionRegistry->_create('Cake\\Database\\C...', 'default', Array)
#3 /home/alex/mercado/vendor/cakephp/cakephp/src/Datasource/ConnectionManager.php(205): Cake\Core\ObjectRegistry->load('default', Array)
#4 /home/alex/mercado/vendor/cakephp/cakephp/src/ORM/Locator/TableLocator.php(212): Cake\Datasource\ConnectionManager::get('default')
#5 /home/alex/mercado/vendor/cakephp/cakephp/src/ORM/TableRegistry.php(110): Cake\ORM\Locator\TableLocator->get('Produtos', Array)
#6 /home/alex/mercado/src/Controller/ProdutosController.php(15): Cake\ORM\TableRegistry::get('Produtos')
#7 /home/alex/mercado/vendor/cakephp/cakephp/src/Controller/Controller.php(440): App\Controller\ProdutosController->index()
#8 /home/alex/mercado/vendor/cakephp/cakephp/src/Http/ActionDispatcher.php(119): Cake\Controller\Controller->invokeAction()
#9 /home/alex/mercado/vendor/cakephp/cakephp/src/Http/ActionDispatcher.php(93): Cake\Http\ActionDispatcher->_invoke(Object(App\Controller\ProdutosController))
#10 /home/alex/mercado/vendor/cakephp/cakephp/src/Http/BaseApplication.php(78): Cake\Http\ActionDispatcher->dispatch(Object(Cake\Http\ServerRequest), Object(Cake\Http\Response))
#11 /home/alex/mercado/vendor/cakephp/cakephp/src/Http/Runner.php(65): Cake\Http\BaseApplication->__invoke(Object(Cake\Http\ServerRequest), Object(Cake\Http\Response), Object(Cake\Http\Runner))
#12 /home/alex/mercado/vendor/cakephp/cakephp/src/Routing/Middleware/RoutingMiddleware.php(59): Cake\Http\Runner->__invoke(Object(Cake\Http\ServerRequest), Object(Cake\Http\Response))
#13 /home/alex/mercado/vendor/cakephp/cakephp/src/Http/Runner.php(65): Cake\Routing\Middleware\RoutingMiddleware->__invoke(Object(Cake\Http\ServerRequest), Object(Cake\Http\Response), Object(Cake\Http\Runner))
#14 /home/alex/mercado/vendor/cakephp/cakephp/src/Routing/Middleware/AssetMiddleware.php(88): Cake\Http\Runner->__invoke(Object(Cake\Http\ServerRequest), Object(Cake\Http\Response))
#15 /home/alex/mercado/vendor/cakephp/cakephp/src/Http/Runner.php(65): Cake\Routing\Middleware\AssetMiddleware->__invoke(Object(Cake\Http\ServerRequest), Object(Cake\Http\Response), Object(Cake\Http\Runner))
#16 /home/alex/mercado/vendor/cakephp/cakephp/src/Error/Middleware/ErrorHandlerMiddleware.php(92): Cake\Http\Runner->__invoke(Object(Cake\Http\ServerRequest), Object(Cake\Http\Response))
#17 /home/alex/mercado/vendor/cakephp/cakephp/src/Http/Runner.php(65): Cake\Error\Middleware\ErrorHandlerMiddleware->__invoke(Object(Cake\Http\ServerRequest), Object(Cake\Http\Response), Object(Cake\Http\Runner))
#18 /home/alex/mercado/vendor/cakephp/cakephp/src/Http/Runner.php(51): Cake\Http\Runner->__invoke(Object(Cake\Http\ServerRequest), Object(Cake\Http\Response))
#19 /home/alex/mercado/vendor/cakephp/cakephp/src/Http/Server.php(80): Cake\Http\Runner->run(Object(Cake\Http\MiddlewareQueue), Object(Cake\Http\ServerRequest), Object(Cake\Http\Response))
#20 /home/alex/mercado/webroot/index.php(37): Cake\Http\Server->run()
#21 {main}


2017-03-28 23:48:23 Warning: DebugKit not enabled. You need to either install pdo_sqlite, or define the "debug_kit" connection name.
2017-03-28 23:48:24 Error: [Cake\Database\Exception\MissingExtensionException] Database driver Cake\Database\Driver\Mysql cannot be used due to a missing PHP extension or unmet dependency
Exception Attributes: array (
  'driver' => 'Cake\\Database\\Driver\\Mysql',
)
Request URL: /produtos
Stack Trace:
#0 /home/alex/mercado/vendor/cakephp/cakephp/src/Database/Connection.php(116): Cake\Database\Connection->setDriver('Cake\\Database\\D...', Array)
#1 /home/alex/mercado/vendor/cakephp/cakephp/src/Datasource/ConnectionRegistry.php(89): Cake\Database\Connection->__construct(Array)
#2 /home/alex/mercado/vendor/cakephp/cakephp/src/Core/ObjectRegistry.php(93): Cake\Datasource\ConnectionRegistry->_create('Cake\\Database\\C...', 'default', Array)
#3 /home/alex/mercado/vendor/cakephp/cakephp/src/Datasource/ConnectionManager.php(205): Cake\Core\ObjectRegistry->load('default', Array)
#4 /home/alex/mercado/vendor/cakephp/cakephp/src/ORM/Locator/TableLocator.php(212): Cake\Datasource\ConnectionManager::get('default')
#5 /home/alex/mercado/vendor/cakephp/cakephp/src/ORM/TableRegistry.php(110): Cake\ORM\Locator\TableLocator->get('Produtos', Array)
#6 /home/alex/mercado/src/Controller/ProdutosController.php(15): Cake\ORM\TableRegistry::get('Produtos')
#7 /home/alex/mercado/vendor/cakephp/cakephp/src/Controller/Controller.php(440): App\Controller\ProdutosController->index()
#8 /home/alex/mercado/vendor/cakephp/cakephp/src/Http/ActionDispatcher.php(119): Cake\Controller\Controller->invokeAction()
#9 /home/alex/mercado/vendor/cakephp/cakephp/src/Http/ActionDispatcher.php(93): Cake\Http\ActionDispatcher->_invoke(Object(App\Controller\ProdutosController))
#10 /home/alex/mercado/vendor/cakephp/cakephp/src/Http/BaseApplication.php(78): Cake\Http\ActionDispatcher->dispatch(Object(Cake\Http\ServerRequest), Object(Cake\Http\Response))
#11 /home/alex/mercado/vendor/cakephp/cakephp/src/Http/Runner.php(65): Cake\Http\BaseApplication->__invoke(Object(Cake\Http\ServerRequest), Object(Cake\Http\Response), Object(Cake\Http\Runner))
#12 /home/alex/mercado/vendor/cakephp/cakephp/src/Routing/Middleware/RoutingMiddleware.php(59): Cake\Http\Runner->__invoke(Object(Cake\Http\ServerRequest), Object(Cake\Http\Response))
#13 /home/alex/mercado/vendor/cakephp/cakephp/src/Http/Runner.php(65): Cake\Routing\Middleware\RoutingMiddleware->__invoke(Object(Cake\Http\ServerRequest), Object(Cake\Http\Response), Object(Cake\Http\Runner))
#14 /home/alex/mercado/vendor/cakephp/cakephp/src/Routing/Middleware/AssetMiddleware.php(88): Cake\Http\Runner->__invoke(Object(Cake\Http\ServerRequest), Object(Cake\Http\Response))
#15 /home/alex/mercado/vendor/cakephp/cakephp/src/Http/Runner.php(65): Cake\Routing\Middleware\AssetMiddleware->__invoke(Object(Cake\Http\ServerRequest), Object(Cake\Http\Response), Object(Cake\Http\Runner))
#16 /home/alex/mercado/vendor/cakephp/cakephp/src/Error/Middleware/ErrorHandlerMiddleware.php(92): Cake\Http\Runner->__invoke(Object(Cake\Http\ServerRequest), Object(Cake\Http\Response))
#17 /home/alex/mercado/vendor/cakephp/cakephp/src/Http/Runner.php(65): Cake\Error\Middleware\ErrorHandlerMiddleware->__invoke(Object(Cake\Http\ServerRequest), Object(Cake\Http\Response), Object(Cake\Http\Runner))
#18 /home/alex/mercado/vendor/cakephp/cakephp/src/Http/Runner.php(51): Cake\Http\Runner->__invoke(Object(Cake\Http\ServerRequest), Object(Cake\Http\Response))
#19 /home/alex/mercado/vendor/cakephp/cakephp/src/Http/Server.php(80): Cake\Http\Runner->run(Object(Cake\Http\MiddlewareQueue), Object(Cake\Http\ServerRequest), Object(Cake\Http\Response))
#20 /home/alex/mercado/webroot/index.php(37): Cake\Http\Server->run()
#21 {main}


2017-03-28 23:51:17 Warning: DebugKit not enabled. You need to either install pdo_sqlite, or define the "debug_kit" connection name.
2017-03-28 23:51:17 Error: Fatal Error (1): Class 'App\Controller\AppController\AppController' not found in [/home/alex/mercado/src/Controller/ProdutosController.php, line 11]
Request URL: /produtos
Client IP: 127.0.0.1
Trace:
Cake\Error\BaseErrorHandler::handleFatalError() - CORE/src/Error/BaseErrorHandler.php, line 223
Cake\Error\BaseErrorHandler::Cake\Error\{closure}() - CORE/src/Error/BaseErrorHandler.php, line 105
[main] - [internal], line ??



2017-03-28 23:51:17 Error: [Cake\Error\FatalErrorException] Class 'App\Controller\AppController\AppController' not found in /home/alex/mercado/src/Controller/ProdutosController.php on line 11
Request URL: /produtos
Client IP: 127.0.0.1
Stack Trace:
#0 /home/alex/mercado/vendor/cakephp/cakephp/src/Error/BaseErrorHandler.php(105): Cake\Error\BaseErrorHandler->handleFatalError(1, 'Class 'App\\Cont...', '/home/alex/merc...', 11)
#1 [internal function]: Cake\Error\BaseErrorHandler->Cake\Error\{closure}()
#2 {main}


2017-03-28 23:52:12 Warning: DebugKit not enabled. You need to either install pdo_sqlite, or define the "debug_kit" connection name.
2017-03-28 23:52:12 Error: [Cake\Database\Exception\MissingExtensionException] Database driver Cake\Database\Driver\Mysql cannot be used due to a missing PHP extension or unmet dependency
Exception Attributes: array (
  'driver' => 'Cake\\Database\\Driver\\Mysql',
)
Request URL: /produtos
Stack Trace:
#0 /home/alex/mercado/vendor/cakephp/cakephp/src/Database/Connection.php(116): Cake\Database\Connection->setDriver('Cake\\Database\\D...', Array)
#1 /home/alex/mercado/vendor/cakephp/cakephp/src/Datasource/ConnectionRegistry.php(89): Cake\Database\Connection->__construct(Array)
#2 /home/alex/mercado/vendor/cakephp/cakephp/src/Core/ObjectRegistry.php(93): Cake\Datasource\ConnectionRegistry->_create('Cake\\Database\\C...', 'default', Array)
#3 /home/alex/mercado/vendor/cakephp/cakephp/src/Datasource/ConnectionManager.php(205): Cake\Core\ObjectRegistry->load('default', Array)
#4 /home/alex/mercado/vendor/cakephp/cakephp/src/ORM/Locator/TableLocator.php(212): Cake\Datasource\ConnectionManager::get('default')
#5 /home/alex/mercado/vendor/cakephp/cakephp/src/ORM/TableRegistry.php(110): Cake\ORM\Locator\TableLocator->get('Produtos', Array)
#6 /home/alex/mercado/src/Controller/ProdutosController.php(15): Cake\ORM\TableRegistry::get('Produtos')
#7 /home/alex/mercado/vendor/cakephp/cakephp/src/Controller/Controller.php(440): App\Controller\ProdutosController->index()
#8 /home/alex/mercado/vendor/cakephp/cakephp/src/Http/ActionDispatcher.php(119): Cake\Controller\Controller->invokeAction()
#9 /home/alex/mercado/vendor/cakephp/cakephp/src/Http/ActionDispatcher.php(93): Cake\Http\ActionDispatcher->_invoke(Object(App\Controller\ProdutosController))
#10 /home/alex/mercado/vendor/cakephp/cakephp/src/Http/BaseApplication.php(78): Cake\Http\ActionDispatcher->dispatch(Object(Cake\Http\ServerRequest), Object(Cake\Http\Response))
#11 /home/alex/mercado/vendor/cakephp/cakephp/src/Http/Runner.php(65): Cake\Http\BaseApplication->__invoke(Object(Cake\Http\ServerRequest), Object(Cake\Http\Response), Object(Cake\Http\Runner))
#12 /home/alex/mercado/vendor/cakephp/cakephp/src/Routing/Middleware/RoutingMiddleware.php(59): Cake\Http\Runner->__invoke(Object(Cake\Http\ServerRequest), Object(Cake\Http\Response))
#13 /home/alex/mercado/vendor/cakephp/cakephp/src/Http/Runner.php(65): Cake\Routing\Middleware\RoutingMiddleware->__invoke(Object(Cake\Http\ServerRequest), Object(Cake\Http\Response), Object(Cake\Http\Runner))
#14 /home/alex/mercado/vendor/cakephp/cakephp/src/Routing/Middleware/AssetMiddleware.php(88): Cake\Http\Runner->__invoke(Object(Cake\Http\ServerRequest), Object(Cake\Http\Response))
#15 /home/alex/mercado/vendor/cakephp/cakephp/src/Http/Runner.php(65): Cake\Routing\Middleware\AssetMiddleware->__invoke(Object(Cake\Http\ServerRequest), Object(Cake\Http\Response), Object(Cake\Http\Runner))
#16 /home/alex/mercado/vendor/cakephp/cakephp/src/Error/Middleware/ErrorHandlerMiddleware.php(92): Cake\Http\Runner->__invoke(Object(Cake\Http\ServerRequest), Object(Cake\Http\Response))
#17 /home/alex/mercado/vendor/cakephp/cakephp/src/Http/Runner.php(65): Cake\Error\Middleware\ErrorHandlerMiddleware->__invoke(Object(Cake\Http\ServerRequest), Object(Cake\Http\Response), Object(Cake\Http\Runner))
#18 /home/alex/mercado/vendor/cakephp/cakephp/src/Http/Runner.php(51): Cake\Http\Runner->__invoke(Object(Cake\Http\ServerRequest), Object(Cake\Http\Response))
#19 /home/alex/mercado/vendor/cakephp/cakephp/src/Http/Server.php(80): Cake\Http\Runner->run(Object(Cake\Http\MiddlewareQueue), Object(Cake\Http\ServerRequest), Object(Cake\Http\Response))
#20 /home/alex/mercado/webroot/index.php(37): Cake\Http\Server->run()
#21 {main}


